{
  "uid" : "1897f8785b2222e5",
  "name" : "test_check_status",
  "fullName" : "test_case.test_HomeLinking.TestHomeLinking#test_check_status",
  "historyId" : "a2453a2fbf5daa217d491e0245698f61",
  "time" : {
    "start" : 1653751549909,
    "stop" : 1653751560861,
    "duration" : 10952
  },
  "status" : "broken",
  "statusMessage" : "selenium.common.exceptions.TimeoutException: Message: 没有找到com.hle.lhzm:id/tv_home_family_but",
  "statusTrace" : "self = <test_case.test_HomeLinking.TestHomeLinking object at 0x0000024977BD1A30>\n\n    def test_check_status(self):\n        logger.debug('=====check_logon_status======')\n    \n>       element = check_exist('com.hle.lhzm:id/tv_home_family_but')\n\n..\\test_case\\test_HomeLinking.py:74: \n_ _ _ _ _ _ _ _ _ _ _ _ _ _ _ _ _ _ _ _ _ _ _ _ _ _ _ _ _ _ _ _ _ _ _ _ _ _ _ _\n..\\common\\Func.py:32: in check_exist\n    WebDriverWait(driver, 10).until(\n_ _ _ _ _ _ _ _ _ _ _ _ _ _ _ _ _ _ _ _ _ _ _ _ _ _ _ _ _ _ _ _ _ _ _ _ _ _ _ _\n\nself = <selenium.webdriver.support.wait.WebDriverWait (session=\"b3d52ed6-f21b-4ee7-b4a2-2f9451db67bf\")>\nmethod = <function check_exist.<locals>.<lambda> at 0x0000024977C03CA0>\nmessage = '没有找到com.hle.lhzm:id/tv_home_family_but'\n\n    def until(self, method, message=''):\n        \"\"\"Calls the method provided with the driver as an argument until the \\\n        return value is not False.\"\"\"\n        screen = None\n        stacktrace = None\n    \n        end_time = time.time() + self._timeout\n        while True:\n            try:\n                value = method(self._driver)\n                if value:\n                    return value\n            except self._ignored_exceptions as exc:\n                screen = getattr(exc, 'screen', None)\n                stacktrace = getattr(exc, 'stacktrace', None)\n            time.sleep(self._poll)\n            if time.time() > end_time:\n                break\n>       raise TimeoutException(message, screen, stacktrace)\nE       selenium.common.exceptions.TimeoutException: Message: 没有找到com.hle.lhzm:id/tv_home_family_but\n\n..\\venv\\lib\\site-packages\\selenium\\webdriver\\support\\wait.py:80: TimeoutException",
  "flaky" : false,
  "newFailed" : false,
  "beforeStages" : [ {
    "name" : "_xunit_setup_class_fixture_TestHomeLinking",
    "time" : {
      "start" : 1653751488784,
      "stop" : 1653751488789,
      "duration" : 5
    },
    "status" : "passed",
    "steps" : [ ],
    "attachments" : [ ],
    "parameters" : [ ],
    "stepsCount" : 0,
    "hasContent" : false,
    "shouldDisplayMessage" : false,
    "attachmentsCount" : 0
  } ],
  "testStage" : {
    "status" : "broken",
    "statusMessage" : "selenium.common.exceptions.TimeoutException: Message: 没有找到com.hle.lhzm:id/tv_home_family_but",
    "statusTrace" : "self = <test_case.test_HomeLinking.TestHomeLinking object at 0x0000024977BD1A30>\n\n    def test_check_status(self):\n        logger.debug('=====check_logon_status======')\n    \n>       element = check_exist('com.hle.lhzm:id/tv_home_family_but')\n\n..\\test_case\\test_HomeLinking.py:74: \n_ _ _ _ _ _ _ _ _ _ _ _ _ _ _ _ _ _ _ _ _ _ _ _ _ _ _ _ _ _ _ _ _ _ _ _ _ _ _ _\n..\\common\\Func.py:32: in check_exist\n    WebDriverWait(driver, 10).until(\n_ _ _ _ _ _ _ _ _ _ _ _ _ _ _ _ _ _ _ _ _ _ _ _ _ _ _ _ _ _ _ _ _ _ _ _ _ _ _ _\n\nself = <selenium.webdriver.support.wait.WebDriverWait (session=\"b3d52ed6-f21b-4ee7-b4a2-2f9451db67bf\")>\nmethod = <function check_exist.<locals>.<lambda> at 0x0000024977C03CA0>\nmessage = '没有找到com.hle.lhzm:id/tv_home_family_but'\n\n    def until(self, method, message=''):\n        \"\"\"Calls the method provided with the driver as an argument until the \\\n        return value is not False.\"\"\"\n        screen = None\n        stacktrace = None\n    \n        end_time = time.time() + self._timeout\n        while True:\n            try:\n                value = method(self._driver)\n                if value:\n                    return value\n            except self._ignored_exceptions as exc:\n                screen = getattr(exc, 'screen', None)\n                stacktrace = getattr(exc, 'stacktrace', None)\n            time.sleep(self._poll)\n            if time.time() > end_time:\n                break\n>       raise TimeoutException(message, screen, stacktrace)\nE       selenium.common.exceptions.TimeoutException: Message: 没有找到com.hle.lhzm:id/tv_home_family_but\n\n..\\venv\\lib\\site-packages\\selenium\\webdriver\\support\\wait.py:80: TimeoutException",
    "steps" : [ ],
    "attachments" : [ {
      "uid" : "754b287ae05009fd",
      "name" : "log",
      "source" : "754b287ae05009fd.txt",
      "type" : "text/plain",
      "size" : 74
    } ],
    "parameters" : [ ],
    "stepsCount" : 0,
    "hasContent" : true,
    "shouldDisplayMessage" : true,
    "attachmentsCount" : 1
  },
  "afterStages" : [ {
    "name" : "_xunit_setup_class_fixture_TestHomeLinking::0",
    "time" : {
      "start" : 1653751576813,
      "stop" : 1653751583308,
      "duration" : 6495
    },
    "status" : "passed",
    "steps" : [ ],
    "attachments" : [ ],
    "parameters" : [ ],
    "stepsCount" : 0,
    "hasContent" : false,
    "shouldDisplayMessage" : false,
    "attachmentsCount" : 0
  } ],
  "labels" : [ {
    "name" : "parentSuite",
    "value" : "test_case"
  }, {
    "name" : "suite",
    "value" : "test_HomeLinking"
  }, {
    "name" : "subSuite",
    "value" : "TestHomeLinking"
  }, {
    "name" : "host",
    "value" : "WIN10-jjia"
  }, {
    "name" : "thread",
    "value" : "12880-MainThread"
  }, {
    "name" : "framework",
    "value" : "pytest"
  }, {
    "name" : "language",
    "value" : "cpython3"
  }, {
    "name" : "package",
    "value" : "test_case.test_HomeLinking"
  }, {
    "name" : "resultFormat",
    "value" : "allure2"
  } ],
  "parameters" : [ ],
  "links" : [ ],
  "hidden" : false,
  "retry" : false,
  "extra" : {
    "severity" : "normal",
    "retries" : [ ],
    "categories" : [ {
      "name" : "Test defects",
      "matchedStatuses" : [ ],
      "flaky" : false
    } ],
    "tags" : [ ]
  },
  "source" : "1897f8785b2222e5.json",
  "parameterValues" : [ ]
}